[-0.0208333, -0.0300926, 0.0185185, -0.0277778, 0.0555556, 0.0555556, -0.0277778, 0.0555556, 0.166667, -0.0833333, -0.166667, 0.0555556, -0.166667, 0.111111, ],
[-0.0208333, -0.0300926, 0.0185185, -0.0277778, 0.0555556, 0.0555556, 0.0277778, -0.0555556, -0.166667, 0.0833333, 0.166667, 0.0555556, -0.166667, 0.111111, ],
[-0.0208333, -0.0300926, 0.0185185, 0.0277778, -0.0555556, 0.0555556, -0.0277778, 0.0555556, -0.166667, 0.0833333, -0.166667, 0.0555556, 0.166667, 0.111111, ],
[-0.0208333, -0.0300926, 0.0185185, 0.0277778, -0.0555556, 0.0555556, 0.0277778, -0.0555556, 0.166667, -0.0833333, 0.166667, 0.0555556, 0.166667, 0.111111, ],
[-0.05, 0.0833333, 0.133333, 0, 0, 0, 0, 0, 0, 0, 0, 0, 0, 0, ],
[0.0666667, -0.037037, 0.00740741, 0, 0, -0.111111, -0.277778, 0.0555556, 0, 0, 0.333333, 0.222222, 0, -0.222222, ],
[0.0666667, -0.037037, 0.00740741, 0, 0, -0.111111, 0.277778, -0.0555556, 0, 0, -0.333333, 0.222222, 0, -0.222222, ],
[0.0666667, -0.037037, 0.00740741, -0.277778, 0.0555556, 0.222222, 0, 0, 0, 0, 0, -0.111111, 0.333333, -0.222222, ],
[0.0666667, -0.037037, 0.00740741, 0.277778, -0.0555556, 0.222222, 0, 0, 0, 0, 0, -0.111111, -0.333333, -0.222222, ],
[0.15, 0.0833333, -0.0666667, -0.166667, -0.166667, 0, -0.166667, -0.166667, 0.166667, 0.166667, 0, 0, 0, 0, ],
[0.15, 0.0833333, -0.0666667, -0.166667, -0.166667, 0, 0.166667, 0.166667, -0.166667, -0.166667, 0, 0, 0, 0, ],
[0.15, 0.0833333, -0.0666667, 0.166667, 0.166667, 0, -0.166667, -0.166667, -0.166667, -0.166667, 0, 0, 0, 0, ],
[0.15, 0.0833333, -0.0666667, 0.166667, 0.166667, 0, 0.166667, 0.166667, 0.166667, 0.166667, 0, 0, 0, 0, ],
[0.266667, -0.148148, 0.0296296, 0, 0, -0.444444, 0, 0, 0, 0, 0, -0.444444, 0, 0.444444, ],
N support points quadratic: 14
[-0.0208333, -0.0300926, 0.0185185, -0.0277778, 0.0555556, 0.0555556, -0.0277778, 0.0555556, 0.166667, -0.0833333, -0.166667, 0.0555556, -0.166667, 0.111111, ],
[-0.0208333, -0.0300926, 0.0185185, -0.0277778, 0.0555556, 0.0555556, 0.0277778, -0.0555556, -0.166667, 0.0833333, 0.166667, 0.0555556, -0.166667, 0.111111, ],
[-0.0208333, -0.0300926, 0.0185185, 0.0277778, -0.0555556, 0.0555556, -0.0277778, 0.0555556, -0.166667, 0.0833333, -0.166667, 0.0555556, 0.166667, 0.111111, ],
[-0.0208333, -0.0300926, 0.0185185, 0.0277778, -0.0555556, 0.0555556, 0.0277778, -0.0555556, 0.166667, -0.0833333, 0.166667, 0.0555556, 0.166667, 0.111111, ],
[-0.05, 0.0833333, 0.133333, 0, 0, 0, 0, 0, 0, 0, 0, 0, 0, 0, ],
[0.0666667, -0.037037, 0.00740741, 0, 0, -0.111111, -0.277778, 0.0555556, 0, 0, 0.333333, 0.222222, 0, -0.222222, ],
[0.0666667, -0.037037, 0.00740741, 0, 0, -0.111111, 0.277778, -0.0555556, 0, 0, -0.333333, 0.222222, 0, -0.222222, ],
[0.0666667, -0.037037, 0.00740741, -0.277778, 0.0555556, 0.222222, 0, 0, 0, 0, 0, -0.111111, 0.333333, -0.222222, ],
[0.0666667, -0.037037, 0.00740741, 0.277778, -0.0555556, 0.222222, 0, 0, 0, 0, 0, -0.111111, -0.333333, -0.222222, ],
[0.15, 0.0833333, -0.0666667, -0.166667, -0.166667, 0, -0.166667, -0.166667, 0.166667, 0.166667, 0, 0, 0, 0, ],
[0.15, 0.0833333, -0.0666667, -0.166667, -0.166667, 0, 0.166667, 0.166667, -0.166667, -0.166667, 0, 0, 0, 0, ],
[0.15, 0.0833333, -0.0666667, 0.166667, 0.166667, 0, -0.166667, -0.166667, -0.166667, -0.166667, 0, 0, 0, 0, ],
[0.15, 0.0833333, -0.0666667, 0.166667, 0.166667, 0, 0.166667, 0.166667, 0.166667, 0.166667, 0, 0, 0, 0, ],
[0.266667, -0.148148, 0.0296296, 0, 0, -0.444444, 0, 0, 0, 0, 0, -0.444444, 0, 0.444444, ],
0 0 ok v1 1 0 0 ok v2 1 
0 1 ok v1 0 0 1 ok v2 -1.249e-16 
0 2 ok v1 0 0 2 ok v2 -2.63678e-16 
0 3 ok v1 0 0 3 ok v2 2.77556e-16 
0 4 ok v1 0 0 4 ok v2 0 
0 5 ok v1 0 0 5 ok v2 -3.05311e-16 
0 6 ok v1 0 0 6 ok v2 -1.30451e-15 
0 7 ok v1 0 0 7 ok v2 -1.36002e-15 
0 8 ok v1 0 0 8 ok v2 -3.33067e-16 
0 9 ok v1 0 0 9 ok v2 -0 
0 10 ok v1 0 0 10 ok v2 -0 
0 11 ok v1 0 0 11 ok v2 -0 
0 12 ok v1 0 0 12 ok v2 -0 
0 13 ok v1 0 0 13 ok v2 -9.99201e-16 
1 0 ok v1 0 1 0 ok v2 -2.35922e-16 
1 1 ok v1 1 1 1 ok v2 1 
1 2 ok v1 0 1 2 ok v2 2.77556e-16 
1 3 ok v1 0 1 3 ok v2 -2.63678e-16 
1 4 ok v1 0 1 4 ok v2 0 
1 5 ok v1 0 1 5 ok v2 -1.30451e-15 
1 6 ok v1 0 1 6 ok v2 -3.05311e-16 
1 7 ok v1 0 1 7 ok v2 -1.36002e-15 
1 8 ok v1 0 1 8 ok v2 -3.33067e-16 
1 9 ok v1 0 1 9 ok v2 -0 
1 10 ok v1 0 1 10 ok v2 -0 
1 11 ok v1 0 1 11 ok v2 -0 
1 12 ok v1 0 1 12 ok v2 -0 
1 13 ok v1 0 1 13 ok v2 -9.99201e-16 
2 0 ok v1 0 2 0 ok v2 -4.16334e-17 
2 1 ok v1 0 2 1 ok v2 3.747e-16 
2 2 ok v1 1 2 2 ok v2 1 
2 3 ok v1 0 2 3 ok v2 -2.08167e-16 
2 4 ok v1 0 2 4 ok v2 0 
2 5 ok v1 0 2 5 ok v2 -3.05311e-16 
2 6 ok v1 0 2 6 ok v2 -1.30451e-15 
2 7 ok v1 0 2 7 ok v2 -4.44089e-16 
2 8 ok v1 0 2 8 ok v2 -1.249e-15 
2 9 ok v1 0 2 9 ok v2 -0 
2 10 ok v1 0 2 10 ok v2 -0 
2 11 ok v1 0 2 11 ok v2 -0 
2 12 ok v1 0 2 12 ok v2 -0 
2 13 ok v1 0 2 13 ok v2 -9.99201e-16 
3 0 ok v1 0 3 0 ok v2 4.85723e-16 
3 1 ok v1 0 3 1 ok v2 -1.52656e-16 
3 2 ok v1 0 3 2 ok v2 -2.08167e-16 
3 3 ok v1 1 3 3 ok v2 1 
3 4 ok v1 0 3 4 ok v2 0 
3 5 ok v1 0 3 5 ok v2 -1.30451e-15 
3 6 ok v1 0 3 6 ok v2 -3.05311e-16 
3 7 ok v1 0 3 7 ok v2 -4.44089e-16 
3 8 ok v1 0 3 8 ok v2 -1.249e-15 
3 9 ok v1 0 3 9 ok v2 -0 
3 10 ok v1 0 3 10 ok v2 -0 
3 11 ok v1 0 3 11 ok v2 -0 
3 12 ok v1 0 3 12 ok v2 0 
3 13 ok v1 0 3 13 ok v2 -9.99201e-16 
4 0 ok v1 0 Failure for shape function 0 on support point 4 for python function

4 1 ok v1 0 Failure for shape function 1 on support point 4 for python function

4 2 ok v1 0 Failure for shape function 2 on support point 4 for python function

4 3 ok v1 0 Failure for shape function 3 on support point 4 for python function

4 4 ok v1 1 4 4 ok v2 1 
4 5 ok v1 0 Failure for shape function 5 on support point 4 for python function

4 6 ok v1 0 Failure for shape function 6 on support point 4 for python function

4 7 ok v1 0 Failure for shape function 7 on support point 4 for python function

4 8 ok v1 0 Failure for shape function 8 on support point 4 for python function

4 9 ok v1 0 Failure for shape function 9 on support point 4 for python function

4 10 ok v1 0 Failure for shape function 10 on support point 4 for python function

4 11 ok v1 0 Failure for shape function 11 on support point 4 for python function

4 12 ok v1 0 Failure for shape function 12 on support point 4 for python function

4 13 ok v1 0 Failure for shape function 13 on support point 4 for python function

5 0 ok v1 0 5 0 ok v2 1.04083e-16 
5 1 ok v1 0 5 1 ok v2 -1.04083e-16 
5 2 ok v1 0 5 2 ok v2 -6.93889e-18 
5 3 ok v1 0 5 3 ok v2 -2.01228e-16 
5 4 ok v1 0 5 4 ok v2 0 
5 5 ok v1 1 5 5 ok v2 1 
5 6 ok v1 0 5 6 ok v2 -7.35523e-16 
5 7 ok v1 0 5 7 ok v2 -2.91434e-16 
5 8 ok v1 0 5 8 ok v2 -1.80411e-16 
5 9 ok v1 0 5 9 ok v2 -0 
5 10 ok v1 0 5 10 ok v2 -0 
5 11 ok v1 0 5 11 ok v2 -0 
5 12 ok v1 0 5 12 ok v2 -0 
5 13 ok v1 0 5 13 ok v2 0 
6 0 ok v1 0 6 0 ok v2 -1.04083e-16 
6 1 ok v1 0 6 1 ok v2 1.04083e-16 
6 2 ok v1 0 6 2 ok v2 -2.01228e-16 
6 3 ok v1 0 6 3 ok v2 -6.93889e-18 
6 4 ok v1 0 6 4 ok v2 0 
6 5 ok v1 0 6 5 ok v2 -7.35523e-16 
6 6 ok v1 1 6 6 ok v2 1 
6 7 ok v1 0 6 7 ok v2 -2.91434e-16 
6 8 ok v1 0 6 8 ok v2 -1.80411e-16 
6 9 ok v1 0 6 9 ok v2 -0 
6 10 ok v1 0 6 10 ok v2 -0 
6 11 ok v1 0 6 11 ok v2 -0 
6 12 ok v1 0 6 12 ok v2 0 
6 13 ok v1 0 6 13 ok v2 0 
7 0 ok v1 0 7 0 ok v2 -1.17961e-16 
7 1 ok v1 0 7 1 ok v2 -6.93889e-18 
7 2 ok v1 0 7 2 ok v2 -2.01228e-16 
7 3 ok v1 0 7 3 ok v2 -2.01228e-16 
7 4 ok v1 0 7 4 ok v2 0 
7 5 ok v1 0 7 5 ok v2 -1.80411e-16 
7 6 ok v1 0 7 6 ok v2 -1.80411e-16 
7 7 ok v1 1 7 7 ok v2 1 
7 8 ok v1 0 7 8 ok v2 -7.35523e-16 
7 9 ok v1 0 7 9 ok v2 -0 
7 10 ok v1 0 7 10 ok v2 -0 
7 11 ok v1 0 7 11 ok v2 -0 
7 12 ok v1 0 7 12 ok v2 -0 
7 13 ok v1 0 7 13 ok v2 0 
8 0 ok v1 0 8 0 ok v2 -9.71445e-17 
8 1 ok v1 0 8 1 ok v2 -2.01228e-16 
8 2 ok v1 0 8 2 ok v2 -6.93889e-18 
8 3 ok v1 0 8 3 ok v2 -6.93889e-18 
8 4 ok v1 0 8 4 ok v2 0 
8 5 ok v1 0 8 5 ok v2 -1.80411e-16 
8 6 ok v1 0 8 6 ok v2 -1.80411e-16 
8 7 ok v1 0 8 7 ok v2 -8.46545e-16 
8 8 ok v1 1 8 8 ok v2 1 
8 9 ok v1 0 8 9 ok v2 -0 
8 10 ok v1 0 8 10 ok v2 -0 
8 11 ok v1 0 8 11 ok v2 -0 
8 12 ok v1 0 8 12 ok v2 0 
8 13 ok v1 0 8 13 ok v2 0 
9 0 ok v1 0 9 0 ok v2 9.54098e-18 
9 1 ok v1 0 9 1 ok v2 0 
9 2 ok v1 0 9 2 ok v2 -1.249e-16 
9 3 ok v1 0 9 3 ok v2 2.68882e-17 
9 4 ok v1 0 9 4 ok v2 0 
9 5 ok v1 0 9 5 ok v2 1.61329e-16 
9 6 ok v1 0 9 6 ok v2 -2.15106e-16 
9 7 ok v1 0 9 7 ok v2 -5.72459e-17 
9 8 ok v1 0 9 8 ok v2 -3.81639e-17 
9 9 ok v1 1 9 9 ok v2 1 
9 10 ok v1 0 9 10 ok v2 -0 
9 11 ok v1 0 9 11 ok v2 -0 
9 12 ok v1 0 9 12 ok v2 -0 
9 13 ok v1 0 9 13 ok v2 -2.91434e-16 
10 0 ok v1 0 10 0 ok v2 -1.49186e-16 
10 1 ok v1 0 10 1 ok v2 1.37911e-16 
10 2 ok v1 0 10 2 ok v2 -1.0842e-16 
10 3 ok v1 0 10 3 ok v2 -1.04083e-17 
10 4 ok v1 0 10 4 ok v2 0 
10 5 ok v1 0 10 5 ok v2 -2.15106e-16 
10 6 ok v1 0 10 6 ok v2 1.61329e-16 
10 7 ok v1 0 10 7 ok v2 -5.72459e-17 
10 8 ok v1 0 10 8 ok v2 -3.81639e-17 
10 9 ok v1 0 10 9 ok v2 -0 
10 10 ok v1 1 10 10 ok v2 1 
10 11 ok v1 0 10 11 ok v2 -0 
10 12 ok v1 0 10 12 ok v2 -0 
10 13 ok v1 0 10 13 ok v2 -2.91434e-16 
11 0 ok v1 0 11 0 ok v2 -1.14492e-16 
11 1 ok v1 0 11 1 ok v2 2.34188e-17 
11 2 ok v1 0 11 2 ok v2 6.07153e-18 
11 3 ok v1 0 11 3 ok v2 -1.04083e-17 
11 4 ok v1 0 11 4 ok v2 0 
11 5 ok v1 0 11 5 ok v2 1.61329e-16 
11 6 ok v1 0 11 6 ok v2 -2.15106e-16 
11 7 ok v1 0 11 7 ok v2 -6.41848e-17 
11 8 ok v1 0 11 8 ok v2 -2.94903e-17 
11 9 ok v1 0 11 9 ok v2 -0 
11 10 ok v1 0 11 10 ok v2 -0 
11 11 ok v1 1 11 11 ok v2 1 
11 12 ok v1 0 11 12 ok v2 -0 
11 13 ok v1 0 11 13 ok v2 -2.91434e-16 
12 0 ok v1 0 12 0 ok v2 -7.71952e-17 
12 1 ok v1 0 12 1 ok v2 6.93889e-18 
12 2 ok v1 0 12 2 ok v2 -1.249e-16 
12 3 ok v1 0 12 3 ok v2 1.4138e-16 
12 4 ok v1 0 12 4 ok v2 0 
12 5 ok v1 0 12 5 ok v2 -2.15106e-16 
12 6 ok v1 0 12 6 ok v2 1.61329e-16 
12 7 ok v1 0 12 7 ok v2 -6.41848e-17 
12 8 ok v1 0 12 8 ok v2 -2.94903e-17 
12 9 ok v1 0 12 9 ok v2 -0 
12 10 ok v1 0 12 10 ok v2 -0 
12 11 ok v1 0 12 11 ok v2 -0 
12 12 ok v1 1 12 12 ok v2 1 
12 13 ok v1 0 12 13 ok v2 -2.91434e-16 
13 0 ok v1 0 13 0 ok v2 0 
13 1 ok v1 0 13 1 ok v2 0 
13 2 ok v1 0 13 2 ok v2 0 
13 3 ok v1 0 13 3 ok v2 0 
13 4 ok v1 0 13 4 ok v2 0 
13 5 ok v1 0 13 5 ok v2 0 
13 6 ok v1 0 13 6 ok v2 0 
13 7 ok v1 0 13 7 ok v2 -1.04083e-16 
13 8 ok v1 0 13 8 ok v2 0 
13 9 ok v1 0 13 9 ok v2 -0 
13 10 ok v1 0 13 10 ok v2 -0 
13 11 ok v1 0 13 11 ok v2 -0 
13 12 ok v1 0 13 12 ok v2 0 
13 13 ok v1 1 13 13 ok v2 1 
